<?xml version="1.0" encoding="UTF-8"?>
<coverage generated="1638889127692" clover="3.2.0">
  <project timestamp="1638889127693" name="All files">
    <metrics statements="9" coveredstatements="8" conditionals="6" coveredconditionals="5" methods="3" coveredmethods="3" elements="18" coveredelements="16" complexity="0" loc="9" ncloc="9" packages="1" files="3" classes="3"/>
    <file name="mathFun.js" path="C:\Users\maikekad\Downloads\WAD_21\lab-14\mathFun.js">
      <metrics statements="3" coveredstatements="2" conditionals="2" coveredconditionals="1" methods="1" coveredmethods="1"/>
      <line num="2" count="1" type="cond" truecount="1" falsecount="1"/>
      <line num="4" count="0" type="stmt"/>
      <line num="6" count="1" type="stmt"/>
    </file>
    <file name="script.js" path="C:\Users\maikekad\Downloads\WAD_21\lab-14\script.js">
      <metrics statements="2" coveredstatements="2" conditionals="0" coveredconditionals="0" methods="1" coveredmethods="1"/>
      <line num="2" count="2" type="stmt"/>
      <line num="5" count="1" type="stmt"/>
    </file>
    <file name="stringFun.js" path="C:\Users\maikekad\Downloads\WAD_21\lab-14\stringFun.js">
      <metrics statements="4" coveredstatements="4" conditionals="4" coveredconditionals="4" methods="1" coveredmethods="1"/>
      <line num="2" count="3" type="cond" truecount="2" falsecount="0"/>
      <line num="3" count="2" type="cond" truecount="2" falsecount="0"/>
      <line num="4" count="1" type="stmt"/>
      <line num="6" count="1" type="stmt"/>
    </file>
  </project>
</coverage>
