{"C:\\Users\\maikekad\\Downloads\\WAD_21\\lab-14\\mathFun.js": {"path":"C:\\Users\\maikekad\\Downloads\\WAD_21\\lab-14\\mathFun.js","statementMap":{"0":{"start":{"line":2,"column":4},"end":{"line":2,"column":47}},"1":{"start":{"line":2,"column":38},"end":{"line":2,"column":47}},"2":{"start":{"line":4,"column":4},"end":{"line":4,"column":21}},"3":{"start":{"line":6,"column":3},"end":{"line":6,"column":28}}},"fnMap":{"0":{"name":"mathFun","decl":{"start":{"line":1,"column":9},"end":{"line":1,"column":16}},"loc":{"start":{"line":1,"column":29},"end":{"line":5,"column":4}},"line":1}},"branchMap":{"0":{"loc":{"start":{"line":2,"column":4},"end":{"line":2,"column":47}},"type":"if","locations":[{"start":{"line":2,"column":4},"end":{"line":2,"column":47}},{"start":{},"end":{}}],"line":2}},"s":{"0":1,"1":1,"2":0,"3":1},"f":{"0":1},"b":{"0":[1,0]},"_coverageSchema":"1a1c01bbd47fc00a2c39e90264f33305004495a9","hash":"c7047381cf88c9591141f6b784ea301d309400c7"}
,"C:\\Users\\maikekad\\Downloads\\WAD_21\\lab-14\\script.js": {"path":"C:\\Users\\maikekad\\Downloads\\WAD_21\\lab-14\\script.js","statementMap":{"0":{"start":{"line":2,"column":4},"end":{"line":2,"column":41}},"1":{"start":{"line":5,"column":3},"end":{"line":5,"column":26}}},"fnMap":{"0":{"name":"sayHi","decl":{"start":{"line":1,"column":9},"end":{"line":1,"column":14}},"loc":{"start":{"line":1,"column":17},"end":{"line":3,"column":4}},"line":1}},"branchMap":{},"s":{"0":2,"1":1},"f":{"0":2},"b":{},"_coverageSchema":"1a1c01bbd47fc00a2c39e90264f33305004495a9","hash":"ef62325f3e6e1755a792a388821a8b55c217eec8"}
,"C:\\Users\\maikekad\\Downloads\\WAD_21\\lab-14\\stringFun.js": {"path":"C:\\Users\\maikekad\\Downloads\\WAD_21\\lab-14\\stringFun.js","statementMap":{"0":{"start":{"line":2,"column":4},"end":{"line":2,"column":46}},"1":{"start":{"line":2,"column":27},"end":{"line":2,"column":46}},"2":{"start":{"line":3,"column":4},"end":{"line":3,"column":57}},"3":{"start":{"line":3,"column":32},"end":{"line":3,"column":57}},"4":{"start":{"line":4,"column":4},"end":{"line":4,"column":23}},"5":{"start":{"line":6,"column":3},"end":{"line":6,"column":30}}},"fnMap":{"0":{"name":"stringFun","decl":{"start":{"line":1,"column":9},"end":{"line":1,"column":18}},"loc":{"start":{"line":1,"column":25},"end":{"line":5,"column":4}},"line":1}},"branchMap":{"0":{"loc":{"start":{"line":2,"column":4},"end":{"line":2,"column":46}},"type":"if","locations":[{"start":{"line":2,"column":4},"end":{"line":2,"column":46}},{"start":{},"end":{}}],"line":2},"1":{"loc":{"start":{"line":3,"column":4},"end":{"line":3,"column":57}},"type":"if","locations":[{"start":{"line":3,"column":4},"end":{"line":3,"column":57}},{"start":{},"end":{}}],"line":3}},"s":{"0":3,"1":1,"2":2,"3":1,"4":1,"5":1},"f":{"0":3},"b":{"0":[1,2],"1":[1,1]},"_coverageSchema":"1a1c01bbd47fc00a2c39e90264f33305004495a9","hash":"092d8f19fc3b98b8cc825fd0e96b58a68697fdf7"}
}
